<?xml version="1.0" encoding="UTF-8"?>
<!-- Generated by org.testng.reporters.JUnitReportReporter -->
<testsuite hostname="CPDK356" failures="0" tests="5" name="com.bookchor.maion.HomePageTest1" time="8.532" errors="0" timestamp="2025-02-05T17:13:48 IST" skipped="0">
  <testcase classname="com.bookchor.maion.HomePageTest1" name="NavigateToDownloads" time="4.590"/>
  <system-out/>
  <testcase classname="com.bookchor.maion.HomePageTest1" name="ClickOnBrowsers" time="0.789"/>
  <system-out/>
  <testcase classname="com.bookchor.maion.HomePageTest1" name="CheckforFirefoxLogos" time="1.063"/>
  <system-out/>
  <testcase classname="com.bookchor.maion.HomePageTest1" name="CheckforChromeLogos" time="1.045"/>
  <system-out/>
  <testcase classname="com.bookchor.maion.HomePageTest1" name="CheckforEdgeLogos" time="1.045"/>
  <system-out/>
</testsuite> <!-- com.bookchor.maion.HomePageTest1 -->
