<?xml version="1.0" encoding="UTF-8"?>
<!-- Generated by org.testng.reporters.JUnitReportReporter -->
<testsuite hostname="CPDK356" failures="0" tests="5" name="com.bookchor.maion.ExtendReport" time="7.068" errors="0" timestamp="2025-02-06T14:15:10 IST" skipped="0">
  <testcase classname="com.bookchor.maion.ExtendReport" name="NavigateToDownloads" time="3.107"/>
  <system-out/>
  <testcase classname="com.bookchor.maion.ExtendReport" name="ClickOnBrowsers" time="0.751"/>
  <system-out/>
  <testcase classname="com.bookchor.maion.ExtendReport" name="CheckforFirefoxLogos" time="1.074"/>
  <system-out/>
  <testcase classname="com.bookchor.maion.ExtendReport" name="CheckforChromeLogos" time="1.067"/>
  <system-out/>
  <testcase classname="com.bookchor.maion.ExtendReport" name="CheckforEdgeLogos" time="1.069"/>
  <system-out/>
</testsuite> <!-- com.bookchor.maion.ExtendReport -->
